<?xml version="1.0" encoding="UTF-8"?>
<!-- Generated by org.testng.reporters.JUnitXMLReporter -->
<testsuite ignored="0" hostname="OROGRANDECREEK" failures="0" tests="3" name="Test" time="11.088" errors="0" timestamp="2022-02-08T14:57:37 PST">
  <testcase classname="selenium.grid.firefox.OpenSeleniumGrid_firefox" name="clickOnCityName" time="3.991"/>
  <testcase classname="selenium.grid.firefox.OpenSeleniumGrid_firefox" name="clickOnSignIn" time="0.283"/>
  <testcase classname="selenium.grid.firefox.OpenSeleniumGrid_firefox" name="enterPhoneNumber" time="2.089"/>
</testsuite> <!-- Test -->
