<?xml version="1.0" encoding="UTF-8"?>
<testng-results ignored="0" total="3" passed="3" failed="0" skipped="0">
  <reporter-output>
  </reporter-output>
  <suite started-at="2022-02-08T14:57:26 PST" name="Suite" finished-at="2022-02-08T14:57:37 PST" duration-ms="11088">
    <groups>
    </groups>
    <test started-at="2022-02-08T14:57:26 PST" name="Test" finished-at="2022-02-08T14:57:37 PST" duration-ms="11088">
      <class name="selenium.grid.firefox.OpenSeleniumGrid_firefox">
        <test-method is-config="true" signature="setUp()[pri:0, instance:selenium.grid.firefox.OpenSeleniumGrid_firefox@649bec2e]" started-at="2022-02-08T14:57:26 PST" name="setUp" finished-at="2022-02-08T14:57:30 PST" duration-ms="4085" status="PASS">
          <reporter-output>
          </reporter-output>
        </test-method> <!-- setUp -->
        <test-method signature="clickOnCityName()[pri:0, instance:selenium.grid.firefox.OpenSeleniumGrid_firefox@649bec2e]" started-at="2022-02-08T14:57:30 PST" name="clickOnCityName" finished-at="2022-02-08T14:57:34 PST" duration-ms="3991" status="PASS">
          <reporter-output>
          </reporter-output>
        </test-method> <!-- clickOnCityName -->
        <test-method signature="clickOnSignIn()[pri:0, instance:selenium.grid.firefox.OpenSeleniumGrid_firefox@649bec2e]" started-at="2022-02-08T14:57:34 PST" name="clickOnSignIn" finished-at="2022-02-08T14:57:35 PST" duration-ms="283" status="PASS">
          <reporter-output>
          </reporter-output>
        </test-method> <!-- clickOnSignIn -->
        <test-method signature="enterPhoneNumber()[pri:0, instance:selenium.grid.firefox.OpenSeleniumGrid_firefox@649bec2e]" started-at="2022-02-08T14:57:35 PST" name="enterPhoneNumber" finished-at="2022-02-08T14:57:37 PST" duration-ms="2089" status="PASS">
          <reporter-output>
          </reporter-output>
        </test-method> <!-- enterPhoneNumber -->
        <test-method is-config="true" signature="closeBrowser()[pri:0, instance:selenium.grid.firefox.OpenSeleniumGrid_firefox@649bec2e]" started-at="2022-02-08T14:57:37 PST" name="closeBrowser" finished-at="2022-02-08T14:57:37 PST" duration-ms="610" status="PASS">
          <reporter-output>
          </reporter-output>
        </test-method> <!-- closeBrowser -->
      </class> <!-- selenium.grid.firefox.OpenSeleniumGrid_firefox -->
    </test> <!-- Test -->
  </suite> <!-- Suite -->
</testng-results>
